# JRE version: Java(TM) SE Runtime Environment (16.0.2+7) (build 16.0.2+7-67)
# Java VM: Java HotSpot(TM) 64-Bit Server VM (16.0.2+7-67, mixed mode, sharing, tiered, compressed oops, compressed class ptrs, g1 gc, windows-amd64)
GC Precious Log:
 CPUs: 8 total, 8 available
 Memory: 6090M
 Large Page Support: Disabled
 NUMA Support: Disabled
 Compressed Oops: Enabled (32-bit)
 Heap Region Size: 1M
 Heap Min Capacity: 8M
 Heap Initial Capacity: 96M
 Heap Max Capacity: 1524M
 Pre-touch: Disabled
 Parallel Workers: 8
 Concurrent Workers: 2
 Concurrent Refinement Workers: 8
 Periodic GC: Disabled
Heap:
 garbage-first heap   total 61440K, used 29202K [0x00000000a0c00000, 0x0000000100000000)
  region size 1024K, 13 young (13312K), 2 survivors (2048K)
 Metaspace       used 38620K, committed 39040K, reserved 1089536K
  class space    used 5102K, committed 5312K, reserved 1048576K
GC Heap History (20 events):
Event: 1.369 GC heap before
{Heap before GC invocations=0 (full 0):
 garbage-first heap   total 98304K, used 23552K [0x00000000a0c00000, 0x0000000100000000)
  region size 1024K, 23 young (23552K), 0 survivors (0K)
 Metaspace       used 5899K, committed 6144K, reserved 1056768K
  class space    used 649K, committed 768K, reserved 1048576K
}
Event: 1.383 GC heap after
{Heap after GC invocations=1 (full 0):
 garbage-first heap   total 98304K, used 7715K [0x00000000a0c00000, 0x0000000100000000)
  region size 1024K, 3 young (3072K), 3 survivors (3072K)
 Metaspace       used 5899K, committed 6144K, reserved 1056768K
  class space    used 649K, committed 768K, reserved 1048576K
}
Event: 2.162 GC heap before
{Heap before GC invocations=1 (full 0):
 garbage-first heap   total 98304K, used 31267K [0x00000000a0c00000, 0x0000000100000000)
  region size 1024K, 27 young (27648K), 3 survivors (3072K)
 Metaspace       used 11989K, committed 12224K, reserved 1064960K
  class space    used 1521K, committed 1664K, reserved 1048576K
}
Event: 2.170 GC heap after
{Heap after GC invocations=2 (full 0):
 garbage-first heap   total 98304K, used 9568K [0x00000000a0c00000, 0x0000000100000000)
  region size 1024K, 2 young (2048K), 2 survivors (2048K)
 Metaspace       used 11989K, committed 12224K, reserved 1064960K
  class space    used 1521K, committed 1664K, reserved 1048576K
}
Event: 3.137 GC heap before
{Heap before GC invocations=2 (full 0):
 garbage-first heap   total 98304K, used 56672K [0x00000000a0c00000, 0x0000000100000000)
  region size 1024K, 49 young (50176K), 2 survivors (2048K)
 Metaspace       used 18791K, committed 19072K, reserved 1073152K
  class space    used 2350K, committed 2496K, reserved 1048576K
}
Event: 3.144 GC heap after
{Heap after GC invocations=3 (full 0):
 garbage-first heap   total 98304K, used 12011K [0x00000000a0c00000, 0x0000000100000000)
  region size 1024K, 5 young (5120K), 5 survivors (5120K)
 Metaspace       used 18791K, committed 19072K, reserved 1073152K
  class space    used 2350K, committed 2496K, reserved 1048576K
}
Event: 3.668 GC heap before
{Heap before GC invocations=3 (full 0):
 garbage-first heap   total 98304K, used 63211K [0x00000000a0c00000, 0x0000000100000000)
  region size 1024K, 56 young (57344K), 5 survivors (5120K)
 Metaspace       used 20628K, committed 20864K, reserved 1073152K
  class space    used 2576K, committed 2688K, reserved 1048576K
}
Event: 3.678 GC heap after
{Heap after GC invocations=4 (full 0):
 garbage-first heap   total 98304K, used 13118K [0x00000000a0c00000, 0x0000000100000000)
  region size 1024K, 4 young (4096K), 4 survivors (4096K)
 Metaspace       used 20628K, committed 20864K, reserved 1073152K
  class space    used 2576K, committed 2688K, reserved 1048576K
}
Event: 3.827 GC heap before
{Heap before GC invocations=4 (full 0):
 garbage-first heap   total 98304K, used 18238K [0x00000000a0c00000, 0x0000000100000000)
  region size 1024K, 10 young (10240K), 4 survivors (4096K)
 Metaspace       used 21000K, committed 21248K, reserved 1073152K
  class space    used 2629K, committed 2752K, reserved 1048576K
}
Event: 3.836 GC heap after
{Heap after GC invocations=5 (full 0):
 garbage-first heap   total 98304K, used 13457K [0x00000000a0c00000, 0x0000000100000000)
  region size 1024K, 4 young (4096K), 4 survivors (4096K)
 Metaspace       used 21000K, committed 21248K, reserved 1073152K
  class space    used 2629K, committed 2752K, reserved 1048576K
}
Event: 4.919 GC heap before
{Heap before GC invocations=6 (full 0):
 garbage-first heap   total 51200K, used 40081K [0x00000000a0c00000, 0x0000000100000000)
  region size 1024K, 30 young (30720K), 4 survivors (4096K)
 Metaspace       used 24880K, committed 25152K, reserved 1073152K
  class space    used 3173K, committed 3328K, reserved 1048576K
}
Event: 4.933 GC heap after
{Heap after GC invocations=7 (full 0):
 garbage-first heap   total 51200K, used 15185K [0x00000000a0c00000, 0x0000000100000000)
  region size 1024K, 4 young (4096K), 4 survivors (4096K)
 Metaspace       used 24880K, committed 25152K, reserved 1073152K
  class space    used 3173K, committed 3328K, reserved 1048576K
}
Event: 5.872 GC heap before
{Heap before GC invocations=7 (full 0):
 garbage-first heap   total 51200K, used 36689K [0x00000000a0c00000, 0x0000000100000000)
  region size 1024K, 25 young (25600K), 4 survivors (4096K)
 Metaspace       used 29137K, committed 29440K, reserved 1081344K
  class space    used 3766K, committed 3904K, reserved 1048576K
}
Event: 5.885 GC heap after
{Heap after GC invocations=8 (full 0):
 garbage-first heap   total 61440K, used 16995K [0x00000000a0c00000, 0x0000000100000000)
  region size 1024K, 4 young (4096K), 4 survivors (4096K)
 Metaspace       used 29137K, committed 29440K, reserved 1081344K
  class space    used 3766K, committed 3904K, reserved 1048576K
}
Event: 6.014 GC heap before
{Heap before GC invocations=8 (full 0):
 garbage-first heap   total 61440K, used 42595K [0x00000000a0c00000, 0x0000000100000000)
  region size 1024K, 30 young (30720K), 4 survivors (4096K)
 Metaspace       used 29830K, committed 30144K, reserved 1081344K
  class space    used 3830K, committed 3968K, reserved 1048576K
}
Event: 6.026 GC heap after
{Heap after GC invocations=9 (full 0):
 garbage-first heap   total 61440K, used 17914K [0x00000000a0c00000, 0x0000000100000000)
  region size 1024K, 1 young (1024K), 1 survivors (1024K)
 Metaspace       used 29830K, committed 30144K, reserved 1081344K
  class space    used 3830K, committed 3968K, reserved 1048576K
}
Event: 6.406 GC heap before
{Heap before GC invocations=9 (full 0):
 garbage-first heap   total 61440K, used 44538K [0x00000000a0c00000, 0x0000000100000000)
  region size 1024K, 28 young (28672K), 1 survivors (1024K)
 Metaspace       used 30824K, committed 31232K, reserved 1081344K
  class space    used 3962K, committed 4160K, reserved 1048576K
}
Event: 6.412 GC heap after
{Heap after GC invocations=10 (full 0):
 garbage-first heap   total 61440K, used 18162K [0x00000000a0c00000, 0x0000000100000000)
  region size 1024K, 1 young (1024K), 1 survivors (1024K)
 Metaspace       used 30824K, committed 31232K, reserved 1081344K
  class space    used 3962K, committed 4160K, reserved 1048576K
}
Event: 7.363 GC heap before
{Heap before GC invocations=10 (full 0):
 garbage-first heap   total 61440K, used 35570K [0x00000000a0c00000, 0x0000000100000000)
  region size 1024K, 19 young (19456K), 1 survivors (1024K)
 Metaspace       used 35226K, committed 35520K, reserved 1081344K
  class space    used 4715K, committed 4864K, reserved 1048576K
}
Event: 7.374 GC heap after
{Heap after GC invocations=11 (full 0):
 garbage-first heap   total 61440K, used 18962K [0x00000000a0c00000, 0x0000000100000000)
  region size 1024K, 2 young (2048K), 2 survivors (2048K)
 Metaspace       used 35226K, committed 35520K, reserved 1081344K
  class space    used 4715K, committed 4864K, reserved 1048576K
}

